\BOOKMARK [0][-]{chapter.1}{\376\377\000D\000o\000c\000u\000m\000e\000n\000t\000a\000t\000i\000o\000n\000\040\000f\000o\000r\000\040\000t\000h\000e\000\040\000C\000o\000d\000e}{}% 1
\BOOKMARK [1][-]{section.1.1}{\376\377\000I\000n\000t\000r\000o\000d\000u\000c\000t\000i\000o\000n}{chapter.1}% 2
\BOOKMARK [2][-]{subsection.1.1.1}{\376\377\000C\000e\000l\000e\000r\000i\000s\000A\000i\000:\000\040\000A\000\040\000N\000e\000a\000r\000s\000h\000o\000r\000e\000\040\000W\000a\000v\000e\000\040\000M\000o\000d\000e\000l\000i\000n\000g\000\040\000F\000r\000a\000m\000e\000w\000o\000r\000k\000\040\000f\000o\000r\000\040\000I\000n\000t\000e\000g\000r\000a\000t\000e\000d\000\040\000A\000I\000\040\000A\000p\000p\000l\000i\000c\000a\000t\000i\000o\000n\000s}{section.1.1}% 3
\BOOKMARK [2][-]{subsection.1.1.2}{\376\377\000M\000e\000t\000h\000o\000d\000s}{section.1.1}% 4
\BOOKMARK [2][-]{subsection.1.1.3}{\376\377\000C\000h\000a\000r\000a\000c\000t\000e\000r\000i\000s\000t\000i\000c\000s}{section.1.1}% 5
\BOOKMARK [2][-]{subsection.1.1.4}{\376\377\000C\000l\000a\000s\000s\000\040\000A\000r\000c\000h\000i\000t\000e\000c\000t\000u\000r\000e\000\040\000a\000n\000d\000\040\000W\000o\000r\000k\000f\000l\000o\000w}{section.1.1}% 6
\BOOKMARK [3][-]{subsubsection*.3}{\376\377\000W\000o\000r\000k\000f\000l\000o\000w\000\040\000t\000o\000\040\000s\000o\000l\000v\000e\000\040\000t\000h\000e\000\040\000S\000h\000a\000l\000l\000o\000w\000\040\000w\000a\000t\000e\000r\000\040\000e\000q\000u\000a\000t\000i\000o\000n\000s}{subsection.1.1.4}% 7
\BOOKMARK [3][-]{subsubsection*.4}{\376\377\000W\000o\000r\000k\000f\000l\000o\000w\000\040\000t\000o\000\040\000s\000o\000l\000v\000e\000\040\000t\000h\000e\000\040\000e\000x\000t\000e\000n\000d\000e\000d\000\040\000B\000o\000u\000s\000s\000i\000n\000e\000s\000q\000\040\000e\000q\000u\000a\000t\000i\000o\000n\000s}{subsection.1.1.4}% 8
\BOOKMARK [2][-]{subsection.1.1.5}{\376\377\000P\000e\000r\000f\000o\000r\000m\000a\000n\000c\000e}{section.1.1}% 9
\BOOKMARK [2][-]{subsection.1.1.6}{\376\377\000R\000e\000f\000e\000r\000e\000n\000c\000e\000s}{section.1.1}% 10
\BOOKMARK [1][-]{section.1.2}{\376\377\000U\000s\000a\000g\000e}{chapter.1}% 11
\BOOKMARK [2][-]{subsection.1.2.1}{\376\377\000I\000n\000s\000t\000a\000l\000l\000a\000t\000i\000o\000n}{section.1.2}% 12
\BOOKMARK [2][-]{subsection.1.2.2}{\376\377\000D\000o\000w\000n\000l\000o\000a\000d\000i\000n\000g\000\040\000t\000h\000e\000\040\000S\000o\000u\000r\000c\000e\000\040\000C\000o\000d\000e}{section.1.2}% 13
\BOOKMARK [2][-]{subsection.1.2.3}{\376\377\000R\000u\000n\000n\000i\000n\000g\000\040\000t\000h\000e\000\040\000E\000x\000a\000m\000p\000l\000e\000s}{section.1.2}% 14
\BOOKMARK [1][-]{section.1.3}{\376\377\000C\000e\000l\000e\000r\000i\000s\000\040\000M\000o\000d\000u\000l\000e\000s}{chapter.1}% 15
\BOOKMARK [2][-]{subsection.1.3.1}{\376\377\000M\000o\000d\000u\000l\000e\000s}{section.1.3}% 16
\BOOKMARK [3][-]{subsubsection*.5}{\376\377\000D\000o\000m\000a\000i\000n\000\040\000m\000o\000d\000u\000l\000e}{subsection.1.3.1}% 17
\BOOKMARK [3][-]{subsubsection*.67}{\376\377\000S\000o\000l\000v\000e\000r\000\040\000m\000o\000d\000u\000l\000e}{subsection.1.3.1}% 18
\BOOKMARK [3][-]{subsubsection*.108}{\376\377\000R\000u\000n\000n\000e\000r\000\040\000m\000o\000d\000u\000l\000e}{subsection.1.3.1}% 19
\BOOKMARK [3][-]{subsubsection*.135}{\376\377\000U\000t\000i\000l\000s\000\040\000m\000o\000d\000u\000l\000e}{subsection.1.3.1}% 20
\BOOKMARK [3][-]{subsubsection*.148}{\376\377\000C\000u\000r\000r\000e\000n\000t\000\040\000V\000e\000r\000s\000i\000o\000n}{subsection.1.3.1}% 21
\BOOKMARK [0][-]{chapter*.150}{\376\377\000B\000i\000b\000l\000i\000o\000g\000r\000a\000p\000h\000y}{}% 22
\BOOKMARK [0][-]{section*.151}{\376\377\000P\000y\000t\000h\000o\000n\000\040\000M\000o\000d\000u\000l\000e\000\040\000I\000n\000d\000e\000x}{}% 23
\BOOKMARK [0][-]{section*.152}{\376\377\000I\000n\000d\000e\000x}{}% 24
